0 info it worked if it ends with ok
1 verbose cli [ '/usr/local/bin/node',
1 verbose cli   '/usr/local/bin/npm',
1 verbose cli   'install',
1 verbose cli   'nfc-pcsc',
1 verbose cli   '--save' ]
2 info using npm@3.10.10
3 info using node@v6.11.1
4 silly loadCurrentTree Starting
5 silly install loadCurrentTree
6 silly install readLocalPackageData
7 silly fetchPackageMetaData nfc-pcsc
8 silly fetchNamedPackageData nfc-pcsc
9 silly mapToRegistry name nfc-pcsc
10 silly mapToRegistry using default registry
11 silly mapToRegistry registry https://registry.npmjs.org/
12 silly mapToRegistry data Result {
12 silly mapToRegistry   raw: 'nfc-pcsc',
12 silly mapToRegistry   scope: null,
12 silly mapToRegistry   escapedName: 'nfc-pcsc',
12 silly mapToRegistry   name: 'nfc-pcsc',
12 silly mapToRegistry   rawSpec: '',
12 silly mapToRegistry   spec: 'latest',
12 silly mapToRegistry   type: 'tag' }
13 silly mapToRegistry uri https://registry.npmjs.org/nfc-pcsc
14 verbose request uri https://registry.npmjs.org/nfc-pcsc
15 verbose request no auth needed
16 info attempt registry request try #1 at 9:37:39 AM
17 verbose request using bearer token for auth
18 verbose request id 724f84f06f969626
19 http request GET https://registry.npmjs.org/nfc-pcsc
20 http 200 https://registry.npmjs.org/nfc-pcsc
21 verbose headers { server: 'nginx/1.10.1',
21 verbose headers   'content-type': 'application/json',
21 verbose headers   'last-modified': 'Mon, 31 Jul 2017 12:14:02 GMT',
21 verbose headers   etag: 'W/"597f1f0a-7822"',
21 verbose headers   'content-encoding': 'gzip',
21 verbose headers   'cache-control': 'max-age=300',
21 verbose headers   'transfer-encoding': 'chunked',
21 verbose headers   'accept-ranges': 'bytes',
21 verbose headers   date: 'Fri, 04 Aug 2017 08:37:39 GMT',
21 verbose headers   via: '1.1 varnish',
21 verbose headers   connection: 'keep-alive',
21 verbose headers   'x-served-by': 'cache-mad9420-MAD',
21 verbose headers   'x-cache': 'MISS',
21 verbose headers   'x-cache-hits': '0',
21 verbose headers   'x-timer': 'S1501835860.647979,VS0,VE212',
21 verbose headers   vary: 'Accept-Encoding, Accept' }
22 silly get cb [ 200,
22 silly get   { server: 'nginx/1.10.1',
22 silly get     'content-type': 'application/json',
22 silly get     'last-modified': 'Mon, 31 Jul 2017 12:14:02 GMT',
22 silly get     etag: 'W/"597f1f0a-7822"',
22 silly get     'content-encoding': 'gzip',
22 silly get     'cache-control': 'max-age=300',
22 silly get     'transfer-encoding': 'chunked',
22 silly get     'accept-ranges': 'bytes',
22 silly get     date: 'Fri, 04 Aug 2017 08:37:39 GMT',
22 silly get     via: '1.1 varnish',
22 silly get     connection: 'keep-alive',
22 silly get     'x-served-by': 'cache-mad9420-MAD',
22 silly get     'x-cache': 'MISS',
22 silly get     'x-cache-hits': '0',
22 silly get     'x-timer': 'S1501835860.647979,VS0,VE212',
22 silly get     vary: 'Accept-Encoding, Accept' } ]
23 verbose get saving nfc-pcsc to /home/frank/.npm/registry.npmjs.org/nfc-pcsc/.cache.json
24 verbose correctMkdir /home/frank/.npm correctMkdir not in flight; initializing
25 silly install normalizeTree
26 silly loadCurrentTree Finishing
27 silly loadIdealTree Starting
28 silly install loadIdealTree
29 silly cloneCurrentTree Starting
30 silly install cloneCurrentTreeToIdealTree
31 silly cloneCurrentTree Finishing
32 silly loadShrinkwrap Starting
33 silly install loadShrinkwrap
34 silly loadShrinkwrap Finishing
35 silly loadAllDepsIntoIdealTree Starting
36 silly install loadAllDepsIntoIdealTree
37 silly resolveWithNewModule nfc-pcsc@0.6.0 checking installable status
38 silly cache add args [ 'nfc-pcsc', null ]
39 verbose cache add spec nfc-pcsc
40 silly cache add parsed spec Result {
40 silly cache add   raw: 'nfc-pcsc',
40 silly cache add   scope: null,
40 silly cache add   escapedName: 'nfc-pcsc',
40 silly cache add   name: 'nfc-pcsc',
40 silly cache add   rawSpec: '',
40 silly cache add   spec: 'latest',
40 silly cache add   type: 'tag' }
41 silly addNamed nfc-pcsc@latest
42 verbose addNamed "latest" is being treated as a dist-tag for nfc-pcsc
43 info addNameTag [ 'nfc-pcsc', 'latest' ]
44 silly mapToRegistry name nfc-pcsc
45 silly mapToRegistry using default registry
46 silly mapToRegistry registry https://registry.npmjs.org/
47 silly mapToRegistry data Result {
47 silly mapToRegistry   raw: 'nfc-pcsc',
47 silly mapToRegistry   scope: null,
47 silly mapToRegistry   escapedName: 'nfc-pcsc',
47 silly mapToRegistry   name: 'nfc-pcsc',
47 silly mapToRegistry   rawSpec: '',
47 silly mapToRegistry   spec: 'latest',
47 silly mapToRegistry   type: 'tag' }
48 silly mapToRegistry uri https://registry.npmjs.org/nfc-pcsc
49 verbose addNameTag registry:https://registry.npmjs.org/nfc-pcsc not in flight; fetching
50 verbose get https://registry.npmjs.org/nfc-pcsc not expired, no request
51 silly addNameTag next cb for nfc-pcsc with tag latest
52 silly addNamed nfc-pcsc@0.6.0
53 verbose addNamed "0.6.0" is a plain semver version for nfc-pcsc
54 silly mapToRegistry name nfc-pcsc
55 silly mapToRegistry using default registry
56 silly mapToRegistry registry https://registry.npmjs.org/
57 silly mapToRegistry data Result {
57 silly mapToRegistry   raw: 'nfc-pcsc',
57 silly mapToRegistry   scope: null,
57 silly mapToRegistry   escapedName: 'nfc-pcsc',
57 silly mapToRegistry   name: 'nfc-pcsc',
57 silly mapToRegistry   rawSpec: '',
57 silly mapToRegistry   spec: 'latest',
57 silly mapToRegistry   type: 'tag' }
58 silly mapToRegistry uri https://registry.npmjs.org/nfc-pcsc
59 verbose addRemoteTarball https://registry.npmjs.org/nfc-pcsc/-/nfc-pcsc-0.6.0.tgz not in flight; adding
60 verbose addRemoteTarball [ 'https://registry.npmjs.org/nfc-pcsc/-/nfc-pcsc-0.6.0.tgz',
60 verbose addRemoteTarball   '19152810f5455a76ae074281d802065eac3fe5e6' ]
61 info retry fetch attempt 1 at 9:37:39 AM
62 info attempt registry request try #1 at 9:37:39 AM
63 http fetch GET https://registry.npmjs.org/nfc-pcsc/-/nfc-pcsc-0.6.0.tgz
64 verbose request using bearer token for auth
65 http fetch 200 https://registry.npmjs.org/nfc-pcsc/-/nfc-pcsc-0.6.0.tgz
66 silly fetchAndShaCheck shasum 19152810f5455a76ae074281d802065eac3fe5e6
67 verbose addTmpTarball /tmp/npm-1380-7dd9ed2a/registry.npmjs.org/nfc-pcsc/-/nfc-pcsc-0.6.0.tgz not in flight; adding
68 verbose addTmpTarball already have metadata; skipping unpack for nfc-pcsc@0.6.0
69 verbose correctMkdir /home/frank/.npm correctMkdir not in flight; initializing
70 silly cache afterAdd nfc-pcsc@0.6.0
71 verbose afterAdd /home/frank/.npm/nfc-pcsc/0.6.0/package/package.json not in flight; writing
72 verbose correctMkdir /home/frank/.npm correctMkdir not in flight; initializing
73 verbose afterAdd /home/frank/.npm/nfc-pcsc/0.6.0/package/package.json written
74 silly fetchNamedPackageData @pokusew/pcsclite
75 silly mapToRegistry name @pokusew/pcsclite
76 silly mapToRegistry scope (from package name) @pokusew
77 verbose mapToRegistry no registry URL found in name for scope @pokusew
78 silly mapToRegistry using default registry
79 silly mapToRegistry registry https://registry.npmjs.org/
80 silly mapToRegistry data Result {
80 silly mapToRegistry   raw: '@pokusew/pcsclite',
80 silly mapToRegistry   scope: '@pokusew',
80 silly mapToRegistry   escapedName: '@pokusew%2fpcsclite',
80 silly mapToRegistry   name: '@pokusew/pcsclite',
80 silly mapToRegistry   rawSpec: '',
80 silly mapToRegistry   spec: 'latest',
80 silly mapToRegistry   type: 'tag' }
81 silly mapToRegistry uri https://registry.npmjs.org/@pokusew%2fpcsclite
82 verbose request uri https://registry.npmjs.org/@pokusew%2fpcsclite
83 verbose request no auth needed
84 info attempt registry request try #1 at 9:37:40 AM
85 verbose request using bearer token for auth
86 http request GET https://registry.npmjs.org/@pokusew%2fpcsclite
87 http 200 https://registry.npmjs.org/@pokusew%2fpcsclite
88 verbose headers { 'content-type': 'application/json',
88 verbose headers   server: 'nginx/1.10.1',
88 verbose headers   'last-modified': 'Tue, 28 Feb 2017 22:08:11 GMT',
88 verbose headers   etag: 'W/"58b5f4cb-532d"',
88 verbose headers   'content-encoding': 'gzip',
88 verbose headers   'cache-control': 'max-age=0',
88 verbose headers   'transfer-encoding': 'chunked',
88 verbose headers   'accept-ranges': 'bytes',
88 verbose headers   date: 'Fri, 04 Aug 2017 08:37:41 GMT',
88 verbose headers   via: '1.1 varnish',
88 verbose headers   connection: 'keep-alive',
88 verbose headers   'x-served-by': 'cache-mad9420-MAD',
88 verbose headers   'x-cache': 'MISS',
88 verbose headers   'x-cache-hits': '0',
88 verbose headers   'x-timer': 'S1501835860.158028,VS0,VE868',
88 verbose headers   vary: 'Accept-Encoding' }
89 silly get cb [ 200,
89 silly get   { 'content-type': 'application/json',
89 silly get     server: 'nginx/1.10.1',
89 silly get     'last-modified': 'Tue, 28 Feb 2017 22:08:11 GMT',
89 silly get     etag: 'W/"58b5f4cb-532d"',
89 silly get     'content-encoding': 'gzip',
89 silly get     'cache-control': 'max-age=0',
89 silly get     'transfer-encoding': 'chunked',
89 silly get     'accept-ranges': 'bytes',
89 silly get     date: 'Fri, 04 Aug 2017 08:37:41 GMT',
89 silly get     via: '1.1 varnish',
89 silly get     connection: 'keep-alive',
89 silly get     'x-served-by': 'cache-mad9420-MAD',
89 silly get     'x-cache': 'MISS',
89 silly get     'x-cache-hits': '0',
89 silly get     'x-timer': 'S1501835860.158028,VS0,VE868',
89 silly get     vary: 'Accept-Encoding' } ]
90 verbose get saving @pokusew/pcsclite to /home/frank/.npm/registry.npmjs.org/_40pokusew_252fpcsclite/.cache.json
91 verbose correctMkdir /home/frank/.npm correctMkdir not in flight; initializing
92 silly resolveWithNewModule @pokusew/pcsclite@0.4.17 checking installable status
93 silly cache add args [ '@pokusew/pcsclite@^0.4.17', null ]
94 verbose cache add spec @pokusew/pcsclite@^0.4.17
95 silly cache add parsed spec Result {
95 silly cache add   raw: '@pokusew/pcsclite@^0.4.17',
95 silly cache add   scope: '@pokusew',
95 silly cache add   escapedName: '@pokusew%2fpcsclite',
95 silly cache add   name: '@pokusew/pcsclite',
95 silly cache add   rawSpec: '^0.4.17',
95 silly cache add   spec: '>=0.4.17 <0.5.0',
95 silly cache add   type: 'range' }
96 silly addNamed @pokusew/pcsclite@>=0.4.17 <0.5.0
97 verbose addNamed ">=0.4.17 <0.5.0" is a valid semver range for @pokusew/pcsclite
98 silly addNameRange { name: '@pokusew/pcsclite',
98 silly addNameRange   range: '>=0.4.17 <0.5.0',
98 silly addNameRange   hasData: false }
99 silly mapToRegistry name @pokusew/pcsclite
100 silly mapToRegistry scope (from package name) @pokusew
101 verbose mapToRegistry no registry URL found in name for scope @pokusew
102 silly mapToRegistry using default registry
103 silly mapToRegistry registry https://registry.npmjs.org/
104 silly mapToRegistry data Result {
104 silly mapToRegistry   raw: '@pokusew/pcsclite',
104 silly mapToRegistry   scope: '@pokusew',
104 silly mapToRegistry   escapedName: '@pokusew%2fpcsclite',
104 silly mapToRegistry   name: '@pokusew/pcsclite',
104 silly mapToRegistry   rawSpec: '',
104 silly mapToRegistry   spec: 'latest',
104 silly mapToRegistry   type: 'tag' }
105 silly mapToRegistry uri https://registry.npmjs.org/@pokusew%2fpcsclite
106 verbose addNameRange registry:https://registry.npmjs.org/@pokusew%2fpcsclite not in flight; fetching
107 verbose get https://registry.npmjs.org/@pokusew%2fpcsclite not expired, no request
108 silly addNameRange number 2 { name: '@pokusew/pcsclite',
108 silly addNameRange   range: '>=0.4.17 <0.5.0',
108 silly addNameRange   hasData: true }
109 silly addNameRange versions [ '@pokusew/pcsclite',
109 silly addNameRange   [ '0.4.10',
109 silly addNameRange     '0.4.11',
109 silly addNameRange     '0.4.12',
109 silly addNameRange     '0.4.13',
109 silly addNameRange     '0.4.14',
109 silly addNameRange     '0.4.15',
109 silly addNameRange     '0.4.16',
109 silly addNameRange     '0.4.17' ] ]
110 silly addNamed @pokusew/pcsclite@0.4.17
111 verbose addNamed "0.4.17" is a plain semver version for @pokusew/pcsclite
112 silly mapToRegistry name @pokusew/pcsclite
113 silly mapToRegistry scope (from package name) @pokusew
114 verbose mapToRegistry no registry URL found in name for scope @pokusew
115 silly mapToRegistry using default registry
116 silly mapToRegistry registry https://registry.npmjs.org/
117 silly mapToRegistry data Result {
117 silly mapToRegistry   raw: '@pokusew/pcsclite',
117 silly mapToRegistry   scope: '@pokusew',
117 silly mapToRegistry   escapedName: '@pokusew%2fpcsclite',
117 silly mapToRegistry   name: '@pokusew/pcsclite',
117 silly mapToRegistry   rawSpec: '',
117 silly mapToRegistry   spec: 'latest',
117 silly mapToRegistry   type: 'tag' }
118 silly mapToRegistry uri https://registry.npmjs.org/@pokusew%2fpcsclite
119 verbose addRemoteTarball https://registry.npmjs.org/@pokusew/pcsclite/-/pcsclite-0.4.17.tgz not in flight; adding
120 verbose addRemoteTarball [ 'https://registry.npmjs.org/@pokusew/pcsclite/-/pcsclite-0.4.17.tgz',
120 verbose addRemoteTarball   'cdc2e8fa8c297fa416fbfacf10da5f33d7aef438' ]
121 info retry fetch attempt 1 at 9:37:41 AM
122 info attempt registry request try #1 at 9:37:41 AM
123 http fetch GET https://registry.npmjs.org/@pokusew/pcsclite/-/pcsclite-0.4.17.tgz
124 verbose request using bearer token for auth
125 http fetch 200 https://registry.npmjs.org/@pokusew/pcsclite/-/pcsclite-0.4.17.tgz
126 silly fetchAndShaCheck shasum cdc2e8fa8c297fa416fbfacf10da5f33d7aef438
127 verbose addTmpTarball /tmp/npm-1380-7dd9ed2a/registry.npmjs.org/_40pokusew/pcsclite/-/pcsclite-0.4.17.tgz not in flight; adding
128 verbose addTmpTarball already have metadata; skipping unpack for @pokusew/pcsclite@0.4.17
129 verbose correctMkdir /home/frank/.npm correctMkdir not in flight; initializing
130 silly cache afterAdd @pokusew/pcsclite@0.4.17
131 verbose afterAdd /home/frank/.npm/@pokusew/pcsclite/0.4.17/package/package.json not in flight; writing
132 verbose correctMkdir /home/frank/.npm correctMkdir not in flight; initializing
133 verbose afterAdd /home/frank/.npm/@pokusew/pcsclite/0.4.17/package/package.json written
134 silly fetchNamedPackageData bindings
135 silly mapToRegistry name bindings
136 silly mapToRegistry using default registry
137 silly mapToRegistry registry https://registry.npmjs.org/
138 silly mapToRegistry data Result {
138 silly mapToRegistry   raw: 'bindings',
138 silly mapToRegistry   scope: null,
138 silly mapToRegistry   escapedName: 'bindings',
138 silly mapToRegistry   name: 'bindings',
138 silly mapToRegistry   rawSpec: '',
138 silly mapToRegistry   spec: 'latest',
138 silly mapToRegistry   type: 'tag' }
139 silly mapToRegistry uri https://registry.npmjs.org/bindings
140 silly fetchNamedPackageData nan
141 silly mapToRegistry name nan
142 silly mapToRegistry using default registry
143 silly mapToRegistry registry https://registry.npmjs.org/
144 silly mapToRegistry data Result {
144 silly mapToRegistry   raw: 'nan',
144 silly mapToRegistry   scope: null,
144 silly mapToRegistry   escapedName: 'nan',
144 silly mapToRegistry   name: 'nan',
144 silly mapToRegistry   rawSpec: '',
144 silly mapToRegistry   spec: 'latest',
144 silly mapToRegistry   type: 'tag' }
145 silly mapToRegistry uri https://registry.npmjs.org/nan
146 verbose request uri https://registry.npmjs.org/bindings
147 verbose request no auth needed
148 info attempt registry request try #1 at 9:37:41 AM
149 verbose request using bearer token for auth
150 verbose etag W/"59764778-4c05"
151 verbose lastModified Mon, 24 Jul 2017 19:16:08 GMT
152 http request GET https://registry.npmjs.org/bindings
153 verbose request uri https://registry.npmjs.org/nan
154 verbose request no auth needed
155 info attempt registry request try #1 at 9:37:41 AM
156 verbose request using bearer token for auth
157 verbose etag W/"597a1ce5-1fa1a"
158 verbose lastModified Thu, 27 Jul 2017 17:03:33 GMT
159 http request GET https://registry.npmjs.org/nan
160 http 304 https://registry.npmjs.org/bindings
161 verbose headers { server: 'nginx/1.10.1',
161 verbose headers   'last-modified': 'Mon, 24 Jul 2017 19:16:08 GMT',
161 verbose headers   etag: '"59764778-4c05"',
161 verbose headers   'cache-control': 'max-age=300',
161 verbose headers   'accept-ranges': 'bytes',
161 verbose headers   date: 'Fri, 04 Aug 2017 08:37:42 GMT',
161 verbose headers   via: '1.1 varnish',
161 verbose headers   connection: 'keep-alive',
161 verbose headers   'x-served-by': 'cache-mad9420-MAD',
161 verbose headers   'x-cache': 'MISS',
161 verbose headers   'x-cache-hits': '0',
161 verbose headers   'x-timer': 'S1501835862.111512,VS0,VE47',
161 verbose headers   vary: 'Accept-Encoding, Accept' }
162 silly get cb [ 304,
162 silly get   { server: 'nginx/1.10.1',
162 silly get     'last-modified': 'Mon, 24 Jul 2017 19:16:08 GMT',
162 silly get     etag: '"59764778-4c05"',
162 silly get     'cache-control': 'max-age=300',
162 silly get     'accept-ranges': 'bytes',
162 silly get     date: 'Fri, 04 Aug 2017 08:37:42 GMT',
162 silly get     via: '1.1 varnish',
162 silly get     connection: 'keep-alive',
162 silly get     'x-served-by': 'cache-mad9420-MAD',
162 silly get     'x-cache': 'MISS',
162 silly get     'x-cache-hits': '0',
162 silly get     'x-timer': 'S1501835862.111512,VS0,VE47',
162 silly get     vary: 'Accept-Encoding, Accept' } ]
163 verbose etag https://registry.npmjs.org/bindings from cache
164 verbose get saving bindings to /home/frank/.npm/registry.npmjs.org/bindings/.cache.json
165 verbose correctMkdir /home/frank/.npm correctMkdir not in flight; initializing
166 silly resolveWithNewModule bindings@1.3.0 checking installable status
167 silly cache add args [ 'bindings@^1.2.1', null ]
168 verbose cache add spec bindings@^1.2.1
169 silly cache add parsed spec Result {
169 silly cache add   raw: 'bindings@^1.2.1',
169 silly cache add   scope: null,
169 silly cache add   escapedName: 'bindings',
169 silly cache add   name: 'bindings',
169 silly cache add   rawSpec: '^1.2.1',
169 silly cache add   spec: '>=1.2.1 <2.0.0',
169 silly cache add   type: 'range' }
170 silly addNamed bindings@>=1.2.1 <2.0.0
171 verbose addNamed ">=1.2.1 <2.0.0" is a valid semver range for bindings
172 silly addNameRange { name: 'bindings', range: '>=1.2.1 <2.0.0', hasData: false }
173 silly mapToRegistry name bindings
174 silly mapToRegistry using default registry
175 silly mapToRegistry registry https://registry.npmjs.org/
176 silly mapToRegistry data Result {
176 silly mapToRegistry   raw: 'bindings',
176 silly mapToRegistry   scope: null,
176 silly mapToRegistry   escapedName: 'bindings',
176 silly mapToRegistry   name: 'bindings',
176 silly mapToRegistry   rawSpec: '',
176 silly mapToRegistry   spec: 'latest',
176 silly mapToRegistry   type: 'tag' }
177 silly mapToRegistry uri https://registry.npmjs.org/bindings
178 verbose addNameRange registry:https://registry.npmjs.org/bindings not in flight; fetching
179 verbose get https://registry.npmjs.org/bindings not expired, no request
180 silly addNameRange number 2 { name: 'bindings', range: '>=1.2.1 <2.0.0', hasData: true }
181 silly addNameRange versions [ 'bindings',
181 silly addNameRange   [ '0.0.1',
181 silly addNameRange     '0.1.0',
181 silly addNameRange     '0.1.1',
181 silly addNameRange     '0.2.0',
181 silly addNameRange     '0.2.1',
181 silly addNameRange     '0.2.2',
181 silly addNameRange     '0.2.3',
181 silly addNameRange     '0.2.4',
181 silly addNameRange     '0.3.0',
181 silly addNameRange     '0.4.0',
181 silly addNameRange     '1.0.0',
181 silly addNameRange     '1.1.0',
181 silly addNameRange     '1.1.1',
181 silly addNameRange     '1.2.0',
181 silly addNameRange     '1.2.1',
181 silly addNameRange     '1.3.0' ] ]
182 silly addNamed bindings@1.3.0
183 verbose addNamed "1.3.0" is a plain semver version for bindings
184 silly cache afterAdd bindings@1.3.0
185 verbose afterAdd /home/frank/.npm/bindings/1.3.0/package/package.json not in flight; writing
186 verbose correctMkdir /home/frank/.npm correctMkdir not in flight; initializing
187 verbose afterAdd /home/frank/.npm/bindings/1.3.0/package/package.json written
188 http 304 https://registry.npmjs.org/nan
189 verbose headers { server: 'nginx/1.10.1',
189 verbose headers   'last-modified': 'Thu, 27 Jul 2017 17:03:33 GMT',
189 verbose headers   etag: '"597a1ce5-1fa1a"',
189 verbose headers   'cache-control': 'max-age=300',
189 verbose headers   'accept-ranges': 'bytes',
189 verbose headers   date: 'Fri, 04 Aug 2017 08:37:47 GMT',
189 verbose headers   via: '1.1 varnish',
189 verbose headers   connection: 'keep-alive',
189 verbose headers   'x-served-by': 'cache-mad9428-MAD',
189 verbose headers   'x-cache': 'MISS',
189 verbose headers   'x-cache-hits': '0',
189 verbose headers   'x-timer': 'S1501835867.008253,VS0,VE245',
189 verbose headers   vary: 'Accept-Encoding, Accept' }
190 silly get cb [ 304,
190 silly get   { server: 'nginx/1.10.1',
190 silly get     'last-modified': 'Thu, 27 Jul 2017 17:03:33 GMT',
190 silly get     etag: '"597a1ce5-1fa1a"',
190 silly get     'cache-control': 'max-age=300',
190 silly get     'accept-ranges': 'bytes',
190 silly get     date: 'Fri, 04 Aug 2017 08:37:47 GMT',
190 silly get     via: '1.1 varnish',
190 silly get     connection: 'keep-alive',
190 silly get     'x-served-by': 'cache-mad9428-MAD',
190 silly get     'x-cache': 'MISS',
190 silly get     'x-cache-hits': '0',
190 silly get     'x-timer': 'S1501835867.008253,VS0,VE245',
190 silly get     vary: 'Accept-Encoding, Accept' } ]
191 verbose etag https://registry.npmjs.org/nan from cache
192 verbose get saving nan to /home/frank/.npm/registry.npmjs.org/nan/.cache.json
193 verbose correctMkdir /home/frank/.npm correctMkdir not in flight; initializing
194 silly resolveWithNewModule nan@2.6.2 checking installable status
195 silly cache add args [ 'nan@^2.5.1', null ]
196 verbose cache add spec nan@^2.5.1
197 silly cache add parsed spec Result {
197 silly cache add   raw: 'nan@^2.5.1',
197 silly cache add   scope: null,
197 silly cache add   escapedName: 'nan',
197 silly cache add   name: 'nan',
197 silly cache add   rawSpec: '^2.5.1',
197 silly cache add   spec: '>=2.5.1 <3.0.0',
197 silly cache add   type: 'range' }
198 silly addNamed nan@>=2.5.1 <3.0.0
199 verbose addNamed ">=2.5.1 <3.0.0" is a valid semver range for nan
200 silly addNameRange { name: 'nan', range: '>=2.5.1 <3.0.0', hasData: false }
201 silly mapToRegistry name nan
202 silly mapToRegistry using default registry
203 silly mapToRegistry registry https://registry.npmjs.org/
204 silly mapToRegistry data Result {
204 silly mapToRegistry   raw: 'nan',
204 silly mapToRegistry   scope: null,
204 silly mapToRegistry   escapedName: 'nan',
204 silly mapToRegistry   name: 'nan',
204 silly mapToRegistry   rawSpec: '',
204 silly mapToRegistry   spec: 'latest',
204 silly mapToRegistry   type: 'tag' }
205 silly mapToRegistry uri https://registry.npmjs.org/nan
206 verbose addNameRange registry:https://registry.npmjs.org/nan not in flight; fetching
207 verbose get https://registry.npmjs.org/nan not expired, no request
208 silly addNameRange number 2 { name: 'nan', range: '>=2.5.1 <3.0.0', hasData: true }
209 silly addNameRange versions [ 'nan',
209 silly addNameRange   [ '0.3.0-wip',
209 silly addNameRange     '0.3.0-wip2',
209 silly addNameRange     '0.3.0',
209 silly addNameRange     '0.3.1',
209 silly addNameRange     '0.3.2',
209 silly addNameRange     '0.4.0',
209 silly addNameRange     '0.4.1',
209 silly addNameRange     '0.4.2',
209 silly addNameRange     '0.4.3',
209 silly addNameRange     '0.4.4',
209 silly addNameRange     '0.5.0',
209 silly addNameRange     '0.5.1',
209 silly addNameRange     '0.5.2',
209 silly addNameRange     '0.6.0',
209 silly addNameRange     '0.7.0',
209 silly addNameRange     '0.7.1',
209 silly addNameRange     '0.8.0',
209 silly addNameRange     '1.0.0',
209 silly addNameRange     '1.1.0',
209 silly addNameRange     '1.1.1',
209 silly addNameRange     '1.1.2',
209 silly addNameRange     '1.2.0',
209 silly addNameRange     '1.3.0',
209 silly addNameRange     '1.4.0',
209 silly addNameRange     '1.4.1',
209 silly addNameRange     '1.5.0',
209 silly addNameRange     '1.4.2',
209 silly addNameRange     '1.4.3',
209 silly addNameRange     '1.5.1',
209 silly addNameRange     '1.5.2',
209 silly addNameRange     '1.6.0',
209 silly addNameRange     '1.5.3',
209 silly addNameRange     '1.6.1',
209 silly addNameRange     '1.6.2',
209 silly addNameRange     '1.7.0',
209 silly addNameRange     '1.8.0',
209 silly addNameRange     '1.8.1',
209 silly addNameRange     '1.8.2',
209 silly addNameRange     '1.8.3',
209 silly addNameRange     '1.8.4',
209 silly addNameRange     '1.9.0',
209 silly addNameRange     '2.0.0',
209 silly addNameRange     '2.0.1',
209 silly addNameRange     '2.0.2',
209 silly addNameRange     '2.0.3',
209 silly addNameRange     '2.0.4',
209 silly addNameRange     '2.0.5',
209 silly addNameRange     '2.0.6',
209 silly addNameRange     '2.0.7',
209 silly addNameRange     '2.0.8',
209 silly addNameRange     '2.0.9',
209 silly addNameRange     '2.1.0',
209 silly addNameRange     '2.2.0',
209 silly addNameRange     '2.2.1',
209 silly addNameRange     '2.3.0',
209 silly addNameRange     '2.3.1',
209 silly addNameRange     '2.3.2',
209 silly addNameRange     '2.3.3',
209 silly addNameRange     '2.3.4',
209 silly addNameRange     '2.3.5',
209 silly addNameRange     '2.4.0',
209 silly addNameRange     '2.5.0',
209 silly addNameRange     '2.5.1',
209 silly addNameRange     '2.6.0',
209 silly addNameRange     '2.6.1',
209 silly addNameRange     '2.6.2' ] ]
210 silly addNamed nan@2.6.2
211 verbose addNamed "2.6.2" is a plain semver version for nan
212 silly cache afterAdd nan@2.6.2
213 verbose afterAdd /home/frank/.npm/nan/2.6.2/package/package.json not in flight; writing
214 verbose correctMkdir /home/frank/.npm correctMkdir not in flight; initializing
215 verbose afterAdd /home/frank/.npm/nan/2.6.2/package/package.json written
216 silly loadAllDepsIntoIdealTree Finishing
217 silly loadIdealTree Finishing
218 silly currentTree cardreader-acr122u@0.0.2
218 silly currentTree ├── accepts@1.3.3
218 silly currentTree ├── after@0.8.2
218 silly currentTree ├── arraybuffer.slice@0.0.6
218 silly currentTree ├── backo2@1.0.2
218 silly currentTree ├── balanced-match@1.0.0
218 silly currentTree ├── base64-arraybuffer@0.1.5
218 silly currentTree ├── base64id@1.0.0
218 silly currentTree ├── better-assert@1.0.2
218 silly currentTree ├── blob@0.0.4
218 silly currentTree ├── brace-expansion@1.1.8
218 silly currentTree ├── browser-stdout@1.3.0
218 silly currentTree ├── callsite@1.0.0
218 silly currentTree ├── commander@2.9.0
218 silly currentTree ├── component-bind@1.0.0
218 silly currentTree ├── component-emitter@1.2.1
218 silly currentTree ├── component-inherit@0.0.3
218 silly currentTree ├── concat-map@0.0.1
218 silly currentTree ├── cookie@0.3.1
218 silly currentTree ├── debug@2.6.8
218 silly currentTree ├── diff@3.2.0
218 silly currentTree ├── engine.io-client@3.1.1
218 silly currentTree ├── engine.io-parser@2.1.1
218 silly currentTree ├── engine.io@3.1.0
218 silly currentTree ├── escape-string-regexp@1.0.5
218 silly currentTree ├── fs.realpath@1.0.0
218 silly currentTree ├── glob@7.1.1
218 silly currentTree ├── graceful-readlink@1.0.1
218 silly currentTree ├── growl@1.9.2
218 silly currentTree ├── has-binary2@1.0.2
218 silly currentTree ├── has-cors@1.1.0
218 silly currentTree ├── has-flag@1.0.0
218 silly currentTree ├── indexof@0.0.1
218 silly currentTree ├── inflight@1.0.6
218 silly currentTree ├── inherits@2.0.3
218 silly currentTree ├── isarray@2.0.1
218 silly currentTree ├── json3@3.3.2
218 silly currentTree ├── lodash._baseassign@3.2.0
218 silly currentTree ├── lodash._basecopy@3.0.1
218 silly currentTree ├── lodash._basecreate@3.0.3
218 silly currentTree ├── lodash._getnative@3.9.1
218 silly currentTree ├── lodash._isiterateecall@3.0.9
218 silly currentTree ├── lodash.create@3.1.1
218 silly currentTree ├── lodash.isarguments@3.1.0
218 silly currentTree ├── lodash.isarray@3.0.4
218 silly currentTree ├── lodash.keys@3.1.2
218 silly currentTree ├── mime-db@1.29.0
218 silly currentTree ├── mime-types@2.1.16
218 silly currentTree ├── minimatch@3.0.4
218 silly currentTree ├── minimist@0.0.8
218 silly currentTree ├── mkdirp@0.5.1
218 silly currentTree ├── mocha@3.5.0
218 silly currentTree ├── ms@2.0.0
218 silly currentTree ├── negotiator@0.6.1
218 silly currentTree ├── object-assign@4.1.1
218 silly currentTree ├── object-component@0.0.3
218 silly currentTree ├── once@1.4.0
218 silly currentTree ├── parsejson@0.0.3
218 silly currentTree ├── parseqs@0.0.5
218 silly currentTree ├── parseuri@0.0.5
218 silly currentTree ├── path-is-absolute@1.0.1
218 silly currentTree ├── safe-buffer@5.0.1
218 silly currentTree ├─┬ socket.io-adapter@1.1.0
218 silly currentTree │ ├── debug@2.3.3
218 silly currentTree │ └── ms@0.7.2
218 silly currentTree ├── socket.io-client@2.0.3
218 silly currentTree ├── socket.io-parser@3.1.2
218 silly currentTree ├── socket.io@2.0.3
218 silly currentTree ├── supports-color@3.1.2
218 silly currentTree ├── to-array@0.1.4
218 silly currentTree ├── ultron@1.1.0
218 silly currentTree ├── uws@0.14.5
218 silly currentTree ├── wrappy@1.0.2
218 silly currentTree ├── ws@2.3.1
218 silly currentTree ├── xmlhttprequest-ssl@1.5.3
218 silly currentTree └── yeast@0.1.2
219 silly idealTree cardreader-acr122u@0.0.2
219 silly idealTree ├── @pokusew/pcsclite@0.4.17
219 silly idealTree ├── accepts@1.3.3
219 silly idealTree ├── after@0.8.2
219 silly idealTree ├── arraybuffer.slice@0.0.6
219 silly idealTree ├── backo2@1.0.2
219 silly idealTree ├── balanced-match@1.0.0
219 silly idealTree ├── base64-arraybuffer@0.1.5
219 silly idealTree ├── base64id@1.0.0
219 silly idealTree ├── better-assert@1.0.2
219 silly idealTree ├── bindings@1.3.0
219 silly idealTree ├── blob@0.0.4
219 silly idealTree ├── brace-expansion@1.1.8
219 silly idealTree ├── browser-stdout@1.3.0
219 silly idealTree ├── callsite@1.0.0
219 silly idealTree ├── commander@2.9.0
219 silly idealTree ├── component-bind@1.0.0
219 silly idealTree ├── component-emitter@1.2.1
219 silly idealTree ├── component-inherit@0.0.3
219 silly idealTree ├── concat-map@0.0.1
219 silly idealTree ├── cookie@0.3.1
219 silly idealTree ├── debug@2.6.8
219 silly idealTree ├── diff@3.2.0
219 silly idealTree ├── engine.io-client@3.1.1
219 silly idealTree ├── engine.io-parser@2.1.1
219 silly idealTree ├── engine.io@3.1.0
219 silly idealTree ├── escape-string-regexp@1.0.5
219 silly idealTree ├── fs.realpath@1.0.0
219 silly idealTree ├── glob@7.1.1
219 silly idealTree ├── graceful-readlink@1.0.1
219 silly idealTree ├── growl@1.9.2
219 silly idealTree ├── has-binary2@1.0.2
219 silly idealTree ├── has-cors@1.1.0
219 silly idealTree ├── has-flag@1.0.0
219 silly idealTree ├── indexof@0.0.1
219 silly idealTree ├── inflight@1.0.6
219 silly idealTree ├── inherits@2.0.3
219 silly idealTree ├── isarray@2.0.1
219 silly idealTree ├── json3@3.3.2
219 silly idealTree ├── lodash._baseassign@3.2.0
219 silly idealTree ├── lodash._basecopy@3.0.1
219 silly idealTree ├── lodash._basecreate@3.0.3
219 silly idealTree ├── lodash._getnative@3.9.1
219 silly idealTree ├── lodash._isiterateecall@3.0.9
219 silly idealTree ├── lodash.create@3.1.1
219 silly idealTree ├── lodash.isarguments@3.1.0
219 silly idealTree ├── lodash.isarray@3.0.4
219 silly idealTree ├── lodash.keys@3.1.2
219 silly idealTree ├── mime-db@1.29.0
219 silly idealTree ├── mime-types@2.1.16
219 silly idealTree ├── minimatch@3.0.4
219 silly idealTree ├── minimist@0.0.8
219 silly idealTree ├── mkdirp@0.5.1
219 silly idealTree ├── mocha@3.5.0
219 silly idealTree ├── ms@2.0.0
219 silly idealTree ├── nan@2.6.2
219 silly idealTree ├── negotiator@0.6.1
219 silly idealTree ├── nfc-pcsc@0.6.0
219 silly idealTree ├── object-assign@4.1.1
219 silly idealTree ├── object-component@0.0.3
219 silly idealTree ├── once@1.4.0
219 silly idealTree ├── parsejson@0.0.3
219 silly idealTree ├── parseqs@0.0.5
219 silly idealTree ├── parseuri@0.0.5
219 silly idealTree ├── path-is-absolute@1.0.1
219 silly idealTree ├── safe-buffer@5.0.1
219 silly idealTree ├─┬ socket.io-adapter@1.1.0
219 silly idealTree │ ├── debug@2.3.3
219 silly idealTree │ └── ms@0.7.2
219 silly idealTree ├── socket.io-client@2.0.3
219 silly idealTree ├── socket.io-parser@3.1.2
219 silly idealTree ├── socket.io@2.0.3
219 silly idealTree ├── supports-color@3.1.2
219 silly idealTree ├── to-array@0.1.4
219 silly idealTree ├── ultron@1.1.0
219 silly idealTree ├── uws@0.14.5
219 silly idealTree ├── wrappy@1.0.2
219 silly idealTree ├── ws@2.3.1
219 silly idealTree ├── xmlhttprequest-ssl@1.5.3
219 silly idealTree └── yeast@0.1.2
220 silly generateActionsToTake Starting
221 silly install generateActionsToTake
222 silly generateActionsToTake Finishing
223 silly diffTrees action count 4
224 silly diffTrees add bindings@1.3.0
225 silly diffTrees add nan@2.6.2
226 silly diffTrees add @pokusew/pcsclite@0.4.17
227 silly diffTrees add nfc-pcsc@0.6.0
228 silly decomposeActions action count 32
229 silly decomposeActions fetch bindings@1.3.0
230 silly decomposeActions extract bindings@1.3.0
231 silly decomposeActions test bindings@1.3.0
232 silly decomposeActions preinstall bindings@1.3.0
233 silly decomposeActions build bindings@1.3.0
234 silly decomposeActions install bindings@1.3.0
235 silly decomposeActions postinstall bindings@1.3.0
236 silly decomposeActions finalize bindings@1.3.0
237 silly decomposeActions fetch nan@2.6.2
238 silly decomposeActions extract nan@2.6.2
239 silly decomposeActions test nan@2.6.2
240 silly decomposeActions preinstall nan@2.6.2
241 silly decomposeActions build nan@2.6.2
242 silly decomposeActions install nan@2.6.2
243 silly decomposeActions postinstall nan@2.6.2
244 silly decomposeActions finalize nan@2.6.2
245 silly decomposeActions fetch @pokusew/pcsclite@0.4.17
246 silly decomposeActions extract @pokusew/pcsclite@0.4.17
247 silly decomposeActions test @pokusew/pcsclite@0.4.17
248 silly decomposeActions preinstall @pokusew/pcsclite@0.4.17
249 silly decomposeActions build @pokusew/pcsclite@0.4.17
250 silly decomposeActions install @pokusew/pcsclite@0.4.17
251 silly decomposeActions postinstall @pokusew/pcsclite@0.4.17
252 silly decomposeActions finalize @pokusew/pcsclite@0.4.17
253 silly decomposeActions fetch nfc-pcsc@0.6.0
254 silly decomposeActions extract nfc-pcsc@0.6.0
255 silly decomposeActions test nfc-pcsc@0.6.0
256 silly decomposeActions preinstall nfc-pcsc@0.6.0
257 silly decomposeActions build nfc-pcsc@0.6.0
258 silly decomposeActions install nfc-pcsc@0.6.0
259 silly decomposeActions postinstall nfc-pcsc@0.6.0
260 silly decomposeActions finalize nfc-pcsc@0.6.0
261 silly runTopLevelLifecycles Starting
262 silly executeActions Starting
263 silly install executeActions
264 silly doSerial global-install 0
265 silly doParallel fetch 4
266 verbose correctMkdir /home/frank/.npm/_locks correctMkdir not in flight; initializing
267 verbose lock using /home/frank/.npm/_locks/staging-f7451ace250c56c8.lock for /home/frank/workspace/peep/drivers/cardreader-acr122u/node_modules/.staging
268 silly doParallel extract 4
269 silly extract bindings@1.3.0
270 silly extract nan@2.6.2
271 silly extract @pokusew/pcsclite@0.4.17
272 silly extract nfc-pcsc@0.6.0
273 verbose unbuild node_modules/.staging/bindings-4dbd49fc
274 verbose unbuild node_modules/.staging/nan-25f4a159
275 verbose unbuild node_modules/.staging/@pokusew/pcsclite-51bbd3c7
276 verbose unbuild node_modules/.staging/nfc-pcsc-84be490f
277 silly gentlyRm /home/frank/workspace/peep/drivers/cardreader-acr122u/node_modules/.staging/bindings-4dbd49fc is being purged from base /home/frank/workspace/peep/drivers/cardreader-acr122u
278 verbose gentlyRm don't care about contents; nuking /home/frank/workspace/peep/drivers/cardreader-acr122u/node_modules/.staging/bindings-4dbd49fc
279 silly gentlyRm /home/frank/workspace/peep/drivers/cardreader-acr122u/node_modules/.staging/nan-25f4a159 is being purged from base /home/frank/workspace/peep/drivers/cardreader-acr122u
280 verbose gentlyRm don't care about contents; nuking /home/frank/workspace/peep/drivers/cardreader-acr122u/node_modules/.staging/nan-25f4a159
281 silly gentlyRm /home/frank/workspace/peep/drivers/cardreader-acr122u/node_modules/.staging/nfc-pcsc-84be490f is being purged from base /home/frank/workspace/peep/drivers/cardreader-acr122u
282 verbose gentlyRm don't care about contents; nuking /home/frank/workspace/peep/drivers/cardreader-acr122u/node_modules/.staging/nfc-pcsc-84be490f
283 silly gentlyRm /home/frank/workspace/peep/drivers/cardreader-acr122u/node_modules/.staging/@pokusew/pcsclite-51bbd3c7 is being purged from base /home/frank/workspace/peep/drivers/cardreader-acr122u
284 verbose gentlyRm don't care about contents; nuking /home/frank/workspace/peep/drivers/cardreader-acr122u/node_modules/.staging/@pokusew/pcsclite-51bbd3c7
285 verbose tar unpack /home/frank/.npm/bindings/1.3.0/package.tgz
286 verbose tar unpacking to /home/frank/workspace/peep/drivers/cardreader-acr122u/node_modules/.staging/bindings-4dbd49fc
287 silly gentlyRm /home/frank/workspace/peep/drivers/cardreader-acr122u/node_modules/.staging/bindings-4dbd49fc is being purged
288 verbose gentlyRm don't care about contents; nuking /home/frank/workspace/peep/drivers/cardreader-acr122u/node_modules/.staging/bindings-4dbd49fc
289 verbose tar unpack /home/frank/.npm/nan/2.6.2/package.tgz
290 verbose tar unpacking to /home/frank/workspace/peep/drivers/cardreader-acr122u/node_modules/.staging/nan-25f4a159
291 silly gentlyRm /home/frank/workspace/peep/drivers/cardreader-acr122u/node_modules/.staging/nan-25f4a159 is being purged
292 verbose gentlyRm don't care about contents; nuking /home/frank/workspace/peep/drivers/cardreader-acr122u/node_modules/.staging/nan-25f4a159
293 verbose tar unpack /home/frank/.npm/nfc-pcsc/0.6.0/package.tgz
294 verbose tar unpacking to /home/frank/workspace/peep/drivers/cardreader-acr122u/node_modules/.staging/nfc-pcsc-84be490f
295 silly gentlyRm /home/frank/workspace/peep/drivers/cardreader-acr122u/node_modules/.staging/nfc-pcsc-84be490f is being purged
296 verbose gentlyRm don't care about contents; nuking /home/frank/workspace/peep/drivers/cardreader-acr122u/node_modules/.staging/nfc-pcsc-84be490f
297 verbose tar unpack /home/frank/.npm/@pokusew/pcsclite/0.4.17/package.tgz
298 verbose tar unpacking to /home/frank/workspace/peep/drivers/cardreader-acr122u/node_modules/.staging/@pokusew/pcsclite-51bbd3c7
299 silly gentlyRm /home/frank/workspace/peep/drivers/cardreader-acr122u/node_modules/.staging/@pokusew/pcsclite-51bbd3c7 is being purged
300 verbose gentlyRm don't care about contents; nuking /home/frank/workspace/peep/drivers/cardreader-acr122u/node_modules/.staging/@pokusew/pcsclite-51bbd3c7
301 silly gunzTarPerm modes [ '775', '664' ]
302 silly gunzTarPerm modes [ '775', '664' ]
303 silly gunzTarPerm modes [ '775', '664' ]
304 silly gunzTarPerm modes [ '775', '664' ]
305 silly gunzTarPerm extractEntry package.json
306 silly gunzTarPerm modified mode [ 'package.json', 420, 436 ]
307 silly gunzTarPerm extractEntry package.json
308 silly gunzTarPerm modified mode [ 'package.json', 420, 436 ]
309 silly gunzTarPerm extractEntry package.json
310 silly gunzTarPerm extractEntry package.json
311 silly gunzTarPerm modified mode [ 'package.json', 420, 436 ]
312 silly gunzTarPerm extractEntry README.md
313 silly gunzTarPerm modified mode [ 'README.md', 420, 436 ]
314 silly gunzTarPerm extractEntry bindings.js
315 silly gunzTarPerm modified mode [ 'bindings.js', 420, 436 ]
316 silly gunzTarPerm extractEntry .npmignore
317 silly gunzTarPerm modified mode [ '.npmignore', 420, 436 ]
318 silly gunzTarPerm extractEntry README.md
319 silly gunzTarPerm modified mode [ 'README.md', 420, 436 ]
320 silly gunzTarPerm extractEntry README.md
321 silly gunzTarPerm extractEntry .npmignore
322 silly gunzTarPerm modified mode [ '.npmignore', 420, 436 ]
323 silly gunzTarPerm extractEntry README.md
324 silly gunzTarPerm modified mode [ 'README.md', 420, 436 ]
325 silly gunzTarPerm extractEntry include_dirs.js
326 silly gunzTarPerm extractEntry LICENSE
327 silly gunzTarPerm modified mode [ 'LICENSE', 420, 436 ]
328 silly gunzTarPerm extractEntry build/Makefile
329 silly gunzTarPerm modified mode [ 'build/Makefile', 420, 436 ]
330 silly gunzTarPerm extractEntry nan_converters_43_inl.h
331 silly gunzTarPerm extractEntry LICENSE.md
332 silly gunzTarPerm extractEntry doc/new.md
333 silly gunzTarPerm extractEntry .idea/encodings.xml
334 silly gunzTarPerm modified mode [ '.idea/encodings.xml', 420, 436 ]
335 silly gunzTarPerm extractEntry doc/asyncworker.md
336 silly gunzTarPerm extractEntry build/Release/.deps/Release/obj.target/pcsclite/src/addon.o.d
337 silly gunzTarPerm modified mode [ 'build/Release/.deps/Release/obj.target/pcsclite/src/addon.o.d',
337 silly gunzTarPerm   420,
337 silly gunzTarPerm   436 ]
338 silly gunzTarPerm extractEntry .idea/jsLibraryMappings.xml
339 silly gunzTarPerm modified mode [ '.idea/jsLibraryMappings.xml', 420, 436 ]
340 silly gunzTarPerm extractEntry .idea/misc.xml
341 silly gunzTarPerm modified mode [ '.idea/misc.xml', 420, 436 ]
342 silly gunzTarPerm extractEntry doc/callback.md
343 silly gunzTarPerm extractEntry doc/converters.md
344 silly gunzTarPerm extractEntry build/Release/.deps/Release/obj.target/pcsclite/src/cardreader.o.d
345 silly gunzTarPerm modified mode [ 'build/Release/.deps/Release/obj.target/pcsclite/src/cardreader.o.d',
345 silly gunzTarPerm   420,
345 silly gunzTarPerm   436 ]
346 silly gunzTarPerm extractEntry build/Release/.deps/Release/obj.target/pcsclite/src/pcsclite.o.d
347 silly gunzTarPerm modified mode [ 'build/Release/.deps/Release/obj.target/pcsclite/src/pcsclite.o.d',
347 silly gunzTarPerm   420,
347 silly gunzTarPerm   436 ]
348 silly gunzTarPerm extractEntry .idea/modules.xml
349 silly gunzTarPerm modified mode [ '.idea/modules.xml', 420, 436 ]
350 silly gunzTarPerm extractEntry .idea/nfc-pcsc.iml
351 silly gunzTarPerm modified mode [ '.idea/nfc-pcsc.iml', 420, 436 ]
352 silly gunzTarPerm extractEntry doc/errors.md
353 silly gunzTarPerm extractEntry doc/json.md
354 silly gunzTarPerm extractEntry build/Release/.deps/Release/pcsclite.node.d
355 silly gunzTarPerm modified mode [ 'build/Release/.deps/Release/pcsclite.node.d', 420, 436 ]
356 silly gunzTarPerm extractEntry build/Release/obj.target/pcsclite/src/addon.o
357 silly gunzTarPerm modified mode [ 'build/Release/obj.target/pcsclite/src/addon.o', 420, 436 ]
358 silly gunzTarPerm extractEntry .idea/vcs.xml
359 silly gunzTarPerm modified mode [ '.idea/vcs.xml', 420, 436 ]
360 silly gunzTarPerm extractEntry .idea/watcherTasks.xml
361 silly gunzTarPerm modified mode [ '.idea/watcherTasks.xml', 420, 436 ]
362 silly gunzTarPerm extractEntry doc/maybe_types.md
363 silly gunzTarPerm extractEntry doc/methods.md
364 silly gentlyRm /home/frank/workspace/peep/drivers/cardreader-acr122u/node_modules/.staging/bindings-4dbd49fc/node_modules is being purged
365 verbose gentlyRm don't care about contents; nuking /home/frank/workspace/peep/drivers/cardreader-acr122u/node_modules/.staging/bindings-4dbd49fc/node_modules
366 silly gunzTarPerm extractEntry .idea/workspace.xml
367 silly gunzTarPerm modified mode [ '.idea/workspace.xml', 420, 436 ]
368 silly gunzTarPerm extractEntry .travis.yml
369 silly gunzTarPerm modified mode [ '.travis.yml', 420, 436 ]
370 silly gunzTarPerm extractEntry doc/buffers.md
371 silly gunzTarPerm extractEntry doc/node_misc.md
372 silly gunzTarPerm extractEntry LICENSE.md
373 silly gunzTarPerm modified mode [ 'LICENSE.md', 420, 436 ]
374 silly gunzTarPerm extractEntry .babelrc
375 silly gunzTarPerm modified mode [ '.babelrc', 420, 436 ]
376 silly gunzTarPerm extractEntry build/Release/obj.target/pcsclite/src/cardreader.o
377 silly gunzTarPerm modified mode [ 'build/Release/obj.target/pcsclite/src/cardreader.o',
377 silly gunzTarPerm   420,
377 silly gunzTarPerm   436 ]
378 silly gunzTarPerm extractEntry doc/object_wrappers.md
379 silly gunzTarPerm extractEntry doc/persistent.md
380 silly gunzTarPerm extractEntry dist/ACR122Reader.js
381 silly gunzTarPerm modified mode [ 'dist/ACR122Reader.js', 420, 436 ]
382 silly gunzTarPerm extractEntry dist/NFC.js
383 silly gunzTarPerm modified mode [ 'dist/NFC.js', 420, 436 ]
384 silly gunzTarPerm extractEntry build/Release/obj.target/pcsclite/src/pcsclite.o
385 silly gunzTarPerm modified mode [ 'build/Release/obj.target/pcsclite/src/pcsclite.o', 420, 436 ]
386 silly gunzTarPerm extractEntry doc/scopes.md
387 silly gunzTarPerm extractEntry dist/Reader.js
388 silly gunzTarPerm modified mode [ 'dist/Reader.js', 420, 436 ]
389 silly gunzTarPerm extractEntry dist/errors.js
390 silly gunzTarPerm modified mode [ 'dist/errors.js', 493, 509 ]
391 silly gunzTarPerm extractEntry dist/index.js
392 silly gunzTarPerm modified mode [ 'dist/index.js', 420, 436 ]
393 silly gunzTarPerm extractEntry examples/basic.js
394 silly gunzTarPerm modified mode [ 'examples/basic.js', 420, 436 ]
395 silly gunzTarPerm extractEntry doc/script.md
396 silly gunzTarPerm extractEntry doc/string_bytes.md
397 silly gunzTarPerm extractEntry examples/desfire.js
398 silly gunzTarPerm modified mode [ 'examples/desfire.js', 420, 436 ]
399 silly gunzTarPerm extractEntry examples/from-readme-3.js
400 silly gunzTarPerm modified mode [ 'examples/from-readme-3.js', 420, 436 ]
401 silly gunzTarPerm extractEntry examples/index.js
402 silly gunzTarPerm modified mode [ 'examples/index.js', 420, 436 ]
403 silly gunzTarPerm extractEntry doc/v8_internals.md
404 silly gunzTarPerm extractEntry doc/v8_misc.md
405 silly gunzTarPerm extractEntry examples/led.js
406 silly gunzTarPerm modified mode [ 'examples/led.js', 420, 436 ]
407 silly gunzTarPerm extractEntry examples/ndef.js
408 silly gunzTarPerm modified mode [ 'examples/ndef.js', 420, 436 ]
409 silly gunzTarPerm extractEntry build/Release/pcsclite.node
410 silly gunzTarPerm modified mode [ 'build/Release/pcsclite.node', 493, 509 ]
411 silly gunzTarPerm extractEntry examples/pretty.js
412 silly gunzTarPerm modified mode [ 'examples/pretty.js', 420, 436 ]
413 silly gunzTarPerm extractEntry examples/uid-logger.js
414 silly gunzTarPerm modified mode [ 'examples/uid-logger.js', 420, 436 ]
415 silly gunzTarPerm extractEntry nan.h
416 silly gunzTarPerm extractEntry nan_callbacks.h
417 silly gunzTarPerm extractEntry build/binding.Makefile
418 silly gunzTarPerm modified mode [ 'build/binding.Makefile', 420, 436 ]
419 silly gunzTarPerm extractEntry examples/without-auto.js
420 silly gunzTarPerm modified mode [ 'examples/without-auto.js', 420, 436 ]
421 silly gunzTarPerm extractEntry test/README.md
422 silly gunzTarPerm modified mode [ 'test/README.md', 420, 436 ]
423 silly gunzTarPerm extractEntry nan_callbacks_12_inl.h
424 silly gunzTarPerm extractEntry nan_callbacks_pre_12_inl.h
425 silly gunzTarPerm extractEntry nan_converters.h
426 silly gunzTarPerm extractEntry build/gyp-mac-tool
427 silly gunzTarPerm modified mode [ 'build/gyp-mac-tool', 493, 509 ]
428 silly gunzTarPerm extractEntry build/pcsclite.target.mk
429 silly gunzTarPerm modified mode [ 'build/pcsclite.target.mk', 420, 436 ]
430 silly gunzTarPerm extractEntry nan_converters_pre_43_inl.h
431 silly gunzTarPerm extractEntry .idea/encodings.xml
432 silly gunzTarPerm modified mode [ '.idea/encodings.xml', 420, 436 ]
433 silly gunzTarPerm extractEntry .idea/jsLibraryMappings.xml
434 silly gunzTarPerm modified mode [ '.idea/jsLibraryMappings.xml', 420, 436 ]
435 silly gunzTarPerm extractEntry test/_node-version-test.js
436 silly gunzTarPerm modified mode [ 'test/_node-version-test.js', 420, 436 ]
437 silly gunzTarPerm extractEntry test/tests.js
438 silly gunzTarPerm modified mode [ 'test/tests.js', 420, 436 ]
439 silly gunzTarPerm extractEntry .idea/misc.xml
440 silly gunzTarPerm modified mode [ '.idea/misc.xml', 420, 436 ]
441 silly gunzTarPerm extractEntry .idea/modules.xml
442 silly gunzTarPerm modified mode [ '.idea/modules.xml', 420, 436 ]
443 silly gunzTarPerm extractEntry .idea/node-pcsclite.iml
444 silly gunzTarPerm modified mode [ '.idea/node-pcsclite.iml', 420, 436 ]
445 silly gunzTarPerm extractEntry nan_implementation_12_inl.h
446 silly gunzTarPerm extractEntry nan_implementation_pre_12_inl.h
447 silly gunzTarPerm extractEntry nan_json.h
448 silly gunzTarPerm extractEntry .idea/vcs.xml
449 silly gunzTarPerm modified mode [ '.idea/vcs.xml', 420, 436 ]
450 silly gunzTarPerm extractEntry nan_maybe_43_inl.h
451 silly gunzTarPerm extractEntry .idea/watcherTasks.xml
452 silly gunzTarPerm modified mode [ '.idea/watcherTasks.xml', 420, 436 ]
453 silly gunzTarPerm extractEntry test/helpers/pcsclite-mock.js
454 silly gunzTarPerm modified mode [ 'test/helpers/pcsclite-mock.js', 420, 436 ]
455 silly gunzTarPerm extractEntry .editorconfig
456 silly gunzTarPerm modified mode [ '.editorconfig', 493, 509 ]
457 silly gunzTarPerm extractEntry nan_maybe_pre_43_inl.h
458 silly gunzTarPerm extractEntry nan_new.h
459 silly gunzTarPerm extractEntry src/ACR122Reader.js
460 silly gunzTarPerm modified mode [ 'src/ACR122Reader.js', 420, 436 ]
461 silly gunzTarPerm extractEntry src/NFC.js
462 silly gunzTarPerm modified mode [ 'src/NFC.js', 420, 436 ]
463 silly gunzTarPerm extractEntry .idea/workspace.xml
464 silly gunzTarPerm modified mode [ '.idea/workspace.xml', 420, 436 ]
465 silly gunzTarPerm extractEntry binding.gyp
466 silly gunzTarPerm modified mode [ 'binding.gyp', 420, 436 ]
467 silly gunzTarPerm extractEntry .editorconfig
468 silly gunzTarPerm modified mode [ '.editorconfig', 493, 509 ]
469 silly gunzTarPerm extractEntry nan_object_wrap.h
470 silly gunzTarPerm extractEntry nan_persistent_12_inl.h
471 silly gunzTarPerm extractEntry examples/example.js
472 silly gunzTarPerm modified mode [ 'examples/example.js', 493, 509 ]
473 silly gunzTarPerm extractEntry src/Reader.js
474 silly gunzTarPerm modified mode [ 'src/Reader.js', 420, 436 ]
475 silly gunzTarPerm extractEntry src/errors.js
476 silly gunzTarPerm modified mode [ 'src/errors.js', 493, 509 ]
477 silly gunzTarPerm extractEntry lib/pcsclite.js
478 silly gunzTarPerm modified mode [ 'lib/pcsclite.js', 420, 436 ]
479 silly gunzTarPerm extractEntry test/test.js
480 silly gunzTarPerm modified mode [ 'test/test.js', 420, 436 ]
481 silly gunzTarPerm extractEntry src/addon.cpp
482 silly gunzTarPerm modified mode [ 'src/addon.cpp', 420, 436 ]
483 silly gunzTarPerm extractEntry nan_persistent_pre_12_inl.h
484 silly gunzTarPerm extractEntry nan_private.h
485 silly gunzTarPerm extractEntry src/cardreader.cpp
486 silly gunzTarPerm modified mode [ 'src/cardreader.cpp', 420, 436 ]
487 silly gunzTarPerm extractEntry src/cardreader.h
488 silly gunzTarPerm modified mode [ 'src/cardreader.h', 420, 436 ]
489 silly gunzTarPerm extractEntry src/index.js
490 silly gunzTarPerm modified mode [ 'src/index.js', 420, 436 ]
491 silly gunzTarPerm extractEntry yarn.lock
492 silly gunzTarPerm modified mode [ 'yarn.lock', 420, 436 ]
493 silly gunzTarPerm extractEntry src/common.h
494 silly gunzTarPerm modified mode [ 'src/common.h', 420, 436 ]
495 silly gunzTarPerm extractEntry src/pcsclite.cpp
496 silly gunzTarPerm modified mode [ 'src/pcsclite.cpp', 420, 436 ]
497 silly gunzTarPerm extractEntry nan_string_bytes.h
498 silly gunzTarPerm extractEntry nan_typedarray_contents.h
499 silly gunzTarPerm extractEntry src/pcsclite.h
500 silly gunzTarPerm modified mode [ 'src/pcsclite.h', 420, 436 ]
501 silly gunzTarPerm extractEntry yarn.lock
502 silly gunzTarPerm modified mode [ 'yarn.lock', 420, 436 ]
503 silly gunzTarPerm extractEntry nan_weak.h
504 silly gunzTarPerm extractEntry CHANGELOG.md
505 silly gunzTarPerm extractEntry tools/package.json
506 silly gunzTarPerm extractEntry tools/README.md
507 silly gunzTarPerm extractEntry tools/1to2.js
508 silly gentlyRm /home/frank/workspace/peep/drivers/cardreader-acr122u/node_modules/.staging/nfc-pcsc-84be490f/node_modules is being purged
509 verbose gentlyRm don't care about contents; nuking /home/frank/workspace/peep/drivers/cardreader-acr122u/node_modules/.staging/nfc-pcsc-84be490f/node_modules
510 silly gentlyRm /home/frank/workspace/peep/drivers/cardreader-acr122u/node_modules/.staging/nan-25f4a159/node_modules is being purged
511 verbose gentlyRm don't care about contents; nuking /home/frank/workspace/peep/drivers/cardreader-acr122u/node_modules/.staging/nan-25f4a159/node_modules
512 silly gentlyRm /home/frank/workspace/peep/drivers/cardreader-acr122u/node_modules/.staging/@pokusew/pcsclite-51bbd3c7/node_modules is being purged
513 verbose gentlyRm don't care about contents; nuking /home/frank/workspace/peep/drivers/cardreader-acr122u/node_modules/.staging/@pokusew/pcsclite-51bbd3c7/node_modules
514 silly doParallel preinstall 4
515 silly preinstall bindings@1.3.0 /home/frank/workspace/peep/drivers/cardreader-acr122u/node_modules/.staging/bindings-4dbd49fc
516 info lifecycle bindings@1.3.0~preinstall: bindings@1.3.0
517 silly preinstall nan@2.6.2 /home/frank/workspace/peep/drivers/cardreader-acr122u/node_modules/.staging/nan-25f4a159
518 info lifecycle nan@2.6.2~preinstall: nan@2.6.2
519 silly preinstall @pokusew/pcsclite@0.4.17 /home/frank/workspace/peep/drivers/cardreader-acr122u/node_modules/.staging/@pokusew/pcsclite-51bbd3c7
520 info lifecycle @pokusew/pcsclite@0.4.17~preinstall: @pokusew/pcsclite@0.4.17
521 silly preinstall nfc-pcsc@0.6.0 /home/frank/workspace/peep/drivers/cardreader-acr122u/node_modules/.staging/nfc-pcsc-84be490f
522 info lifecycle nfc-pcsc@0.6.0~preinstall: nfc-pcsc@0.6.0
523 silly lifecycle bindings@1.3.0~preinstall: no script for preinstall, continuing
524 silly lifecycle nan@2.6.2~preinstall: no script for preinstall, continuing
525 silly lifecycle @pokusew/pcsclite@0.4.17~preinstall: no script for preinstall, continuing
526 silly lifecycle nfc-pcsc@0.6.0~preinstall: no script for preinstall, continuing
527 silly doReverseSerial remove 0
528 silly doSerial move 0
529 silly doSerial finalize 4
530 silly finalize /home/frank/workspace/peep/drivers/cardreader-acr122u/node_modules/bindings
531 silly finalize /home/frank/workspace/peep/drivers/cardreader-acr122u/node_modules/nan
532 silly finalize /home/frank/workspace/peep/drivers/cardreader-acr122u/node_modules/@pokusew/pcsclite
533 silly finalize /home/frank/workspace/peep/drivers/cardreader-acr122u/node_modules/nfc-pcsc
534 silly doSerial build 4
535 silly build bindings@1.3.0
536 info linkStuff bindings@1.3.0
537 silly linkStuff bindings@1.3.0 has /home/frank/workspace/peep/drivers/cardreader-acr122u/node_modules as its parent node_modules
538 verbose linkBins bindings@1.3.0
539 verbose linkMans bindings@1.3.0
540 silly build nan@2.6.2
541 info linkStuff nan@2.6.2
542 silly linkStuff nan@2.6.2 has /home/frank/workspace/peep/drivers/cardreader-acr122u/node_modules as its parent node_modules
543 verbose linkBins nan@2.6.2
544 verbose linkMans nan@2.6.2
545 silly build @pokusew/pcsclite@0.4.17
546 info linkStuff @pokusew/pcsclite@0.4.17
547 silly linkStuff @pokusew/pcsclite@0.4.17 has /home/frank/workspace/peep/drivers/cardreader-acr122u/node_modules as its parent node_modules
548 verbose linkBins @pokusew/pcsclite@0.4.17
549 verbose linkMans @pokusew/pcsclite@0.4.17
550 silly build nfc-pcsc@0.6.0
551 info linkStuff nfc-pcsc@0.6.0
552 silly linkStuff nfc-pcsc@0.6.0 has /home/frank/workspace/peep/drivers/cardreader-acr122u/node_modules as its parent node_modules
553 verbose linkBins nfc-pcsc@0.6.0
554 verbose linkMans nfc-pcsc@0.6.0
555 silly doSerial global-link 0
556 silly doParallel update-linked 0
557 silly doSerial install 4
558 silly install bindings@1.3.0 /home/frank/workspace/peep/drivers/cardreader-acr122u/node_modules/.staging/bindings-4dbd49fc
559 info lifecycle bindings@1.3.0~install: bindings@1.3.0
560 silly lifecycle bindings@1.3.0~install: no script for install, continuing
561 silly install nan@2.6.2 /home/frank/workspace/peep/drivers/cardreader-acr122u/node_modules/.staging/nan-25f4a159
562 info lifecycle nan@2.6.2~install: nan@2.6.2
563 silly lifecycle nan@2.6.2~install: no script for install, continuing
564 silly install @pokusew/pcsclite@0.4.17 /home/frank/workspace/peep/drivers/cardreader-acr122u/node_modules/.staging/@pokusew/pcsclite-51bbd3c7
565 info lifecycle @pokusew/pcsclite@0.4.17~install: @pokusew/pcsclite@0.4.17
566 verbose lifecycle @pokusew/pcsclite@0.4.17~install: unsafe-perm in lifecycle true
567 verbose lifecycle @pokusew/pcsclite@0.4.17~install: PATH: /usr/local/lib/node_modules/npm/bin/node-gyp-bin:/home/frank/workspace/peep/drivers/cardreader-acr122u/node_modules/@pokusew/pcsclite/node_modules/.bin:/home/frank/workspace/peep/drivers/cardreader-acr122u/node_modules/.bin:/home/frank/bin:/usr/local/sbin:/usr/local/bin:/usr/sbin:/usr/bin:/sbin:/bin:/usr/games:/usr/local/games:/snap/bin:/snap/bin:/home/frank/bin
568 verbose lifecycle @pokusew/pcsclite@0.4.17~install: CWD: /home/frank/workspace/peep/drivers/cardreader-acr122u/node_modules/@pokusew/pcsclite
569 silly lifecycle @pokusew/pcsclite@0.4.17~install: Args: [ '-c', 'node-gyp rebuild' ]
570 silly lifecycle @pokusew/pcsclite@0.4.17~install: Returned: code: 1  signal: null
571 info lifecycle @pokusew/pcsclite@0.4.17~install: Failed to exec install script
572 verbose unlock done using /home/frank/.npm/_locks/staging-f7451ace250c56c8.lock for /home/frank/workspace/peep/drivers/cardreader-acr122u/node_modules/.staging
573 silly rollbackFailedOptional Starting
574 silly rollbackFailedOptional Finishing
575 silly runTopLevelLifecycles Finishing
576 silly install printInstalled
577 warn cardreader-acr122u@0.0.2 No repository field.
578 verbose If you need help, you may report this error at:
578 verbose     <https://github.com/npm/npm/issues>
579 verbose stack Error: @pokusew/pcsclite@0.4.17 install: `node-gyp rebuild`
579 verbose stack Exit status 1
579 verbose stack     at EventEmitter.<anonymous> (/usr/local/lib/node_modules/npm/lib/utils/lifecycle.js:255:16)
579 verbose stack     at emitTwo (events.js:106:13)
579 verbose stack     at EventEmitter.emit (events.js:191:7)
579 verbose stack     at ChildProcess.<anonymous> (/usr/local/lib/node_modules/npm/lib/utils/spawn.js:40:14)
579 verbose stack     at emitTwo (events.js:106:13)
579 verbose stack     at ChildProcess.emit (events.js:191:7)
579 verbose stack     at maybeClose (internal/child_process.js:891:16)
579 verbose stack     at Process.ChildProcess._handle.onexit (internal/child_process.js:226:5)
580 verbose pkgid @pokusew/pcsclite@0.4.17
581 verbose cwd /home/frank/workspace/peep/drivers/cardreader-acr122u
582 error Linux 4.4.0-88-generic
583 error argv "/usr/local/bin/node" "/usr/local/bin/npm" "install" "nfc-pcsc" "--save"
584 error node v6.11.1
585 error npm  v3.10.10
586 error code ELIFECYCLE
587 error @pokusew/pcsclite@0.4.17 install: `node-gyp rebuild`
587 error Exit status 1
588 error Failed at the @pokusew/pcsclite@0.4.17 install script 'node-gyp rebuild'.
588 error Make sure you have the latest version of node.js and npm installed.
588 error If you do, this is most likely a problem with the @pokusew/pcsclite package,
588 error not with npm itself.
588 error Tell the author that this fails on your system:
588 error     node-gyp rebuild
588 error You can get information on how to open an issue for this project with:
588 error     npm bugs @pokusew/pcsclite
588 error Or if that isn't available, you can get their info via:
588 error     npm owner ls @pokusew/pcsclite
588 error There is likely additional logging output above.
589 verbose exit [ 1, true ]
